<?xml version="1.0" encoding="UTF-8"?>
<!-- Generated by org.testng.reporters.JUnitXMLReporter -->
<testsuite ignored="0" hostname="DESKTOP-ORH0E8A" failures="0" tests="3" name="Surefire test" time="50.804" errors="0" timestamp="2023-03-22T12:20:39 IST">
  <testcase classname="testcases.LoginTest" name="LoginwithValidCredentials" time="2.291"/>
  <testcase classname="testcases.LoginTest" name="LoginwithInValidCredentials" time="2.158"/>
  <testcase classname="testcases.SignupTest" name="Signup" time="10.883"/>
</testsuite> <!-- Surefire test -->
