<?xml version="1.0" encoding="UTF-8"?>
<!-- Generated by org.testng.reporters.JUnitXMLReporter -->
<testsuite ignored="0" hostname="DESKTOP-ORH0E8A" failures="0" tests="3" name="Test" time="51.447" errors="0" timestamp="2023-03-22T12:15:32 IST">
  <testcase classname="testcases.LoginTest" name="LoginwithValidCredentials" time="2.064"/>
  <testcase classname="testcases.LoginTest" name="LoginwithInValidCredentials" time="2.139"/>
  <testcase classname="testcases.SignupTest" name="Signup" time="10.75"/>
</testsuite> <!-- Test -->
