<?xml version="1.0" encoding="UTF-8"?>
<!-- Generated by org.testng.reporters.JUnitXMLReporter -->
<testsuite ignored="0" hostname="DESKTOP-ORH0E8A" failures="0" tests="3" name="Test" time="62.887" errors="0" timestamp="2023-03-23T00:56:20 IST">
  <testcase classname="testcases.LoginTest" name="LoginwithValidCredentials" time="3.112"/>
  <testcase classname="testcases.LoginTest" name="LoginwithInValidCredentials" time="2.349"/>
  <testcase classname="testcases.SignupTest" name="Signup" time="16.699"/>
</testsuite> <!-- Test -->
