<?xml version="1.0" encoding="UTF-8"?>
<testng-results ignored="0" total="3" passed="3" failed="0" skipped="0">
  <reporter-output>
  </reporter-output>
  <suite started-at="2023-03-23T00:55:17 IST" name="Suite" finished-at="2023-03-23T00:56:19 IST" duration-ms="62887">
    <groups>
    </groups>
    <test started-at="2023-03-23T00:55:17 IST" name="Test" finished-at="2023-03-23T00:56:19 IST" duration-ms="62887">
      <class name="testcases.SignupTest">
        <test-method is-config="true" signature="Startup()[pri:0, instance:testcases.SignupTest@73eb439a]" started-at="2023-03-23T00:55:50 IST" name="Startup" finished-at="2023-03-23T00:56:02 IST" duration-ms="12278" status="PASS">
          <reporter-output>
          </reporter-output>
        </test-method> <!-- Startup -->
        <test-method signature="Signup()[pri:0, instance:testcases.SignupTest@73eb439a]" started-at="2023-03-23T00:56:02 IST" name="Signup" finished-at="2023-03-23T00:56:19 IST" duration-ms="16699" status="PASS">
          <reporter-output>
          </reporter-output>
        </test-method> <!-- Signup -->
        <test-method is-config="true" signature="close()[pri:0, instance:testcases.SignupTest@73eb439a]" started-at="2023-03-23T00:56:19 IST" name="close" finished-at="2023-03-23T00:56:19 IST" duration-ms="255" status="PASS">
          <reporter-output>
          </reporter-output>
        </test-method> <!-- close -->
      </class> <!-- testcases.SignupTest -->
      <class name="testcases.LoginTest">
        <test-method is-config="true" signature="Startup()[pri:0, instance:testcases.LoginTest@48bb62]" started-at="2023-03-23T00:55:17 IST" name="Startup" finished-at="2023-03-23T00:55:32 IST" duration-ms="15703" status="PASS">
          <reporter-output>
          </reporter-output>
        </test-method> <!-- Startup -->
        <test-method signature="LoginwithValidCredentials()[pri:1, instance:testcases.LoginTest@48bb62]" started-at="2023-03-23T00:55:32 IST" name="LoginwithValidCredentials" finished-at="2023-03-23T00:55:35 IST" duration-ms="3112" status="PASS">
          <reporter-output>
          </reporter-output>
        </test-method> <!-- LoginwithValidCredentials -->
        <test-method is-config="true" signature="close()[pri:0, instance:testcases.LoginTest@48bb62]" started-at="2023-03-23T00:55:35 IST" name="close" finished-at="2023-03-23T00:55:36 IST" duration-ms="301" status="PASS">
          <reporter-output>
          </reporter-output>
        </test-method> <!-- close -->
        <test-method is-config="true" signature="Startup()[pri:0, instance:testcases.LoginTest@48bb62]" started-at="2023-03-23T00:55:36 IST" name="Startup" finished-at="2023-03-23T00:55:47 IST" duration-ms="11711" status="PASS">
          <reporter-output>
          </reporter-output>
        </test-method> <!-- Startup -->
        <test-method signature="LoginwithInValidCredentials()[pri:2, instance:testcases.LoginTest@48bb62]" started-at="2023-03-23T00:55:47 IST" name="LoginwithInValidCredentials" finished-at="2023-03-23T00:55:50 IST" duration-ms="2349" status="PASS">
          <reporter-output>
          </reporter-output>
        </test-method> <!-- LoginwithInValidCredentials -->
        <test-method is-config="true" signature="close()[pri:0, instance:testcases.LoginTest@48bb62]" started-at="2023-03-23T00:55:50 IST" name="close" finished-at="2023-03-23T00:55:50 IST" duration-ms="391" status="PASS">
          <reporter-output>
          </reporter-output>
        </test-method> <!-- close -->
      </class> <!-- testcases.LoginTest -->
    </test> <!-- Test -->
  </suite> <!-- Suite -->
</testng-results>
