<?xml version="1.0" encoding="UTF-8"?>
<testng-results ignored="0" total="3" passed="3" failed="0" skipped="0">
  <reporter-output>
  </reporter-output>
  <suite started-at="2023-03-22T12:14:40 IST" name="Suite" finished-at="2023-03-22T12:15:32 IST" duration-ms="51447">
    <groups>
    </groups>
    <test started-at="2023-03-22T12:14:40 IST" name="Test" finished-at="2023-03-22T12:15:32 IST" duration-ms="51447">
      <class name="testcases.SignupTest">
        <test-method is-config="true" signature="Startup()[pri:0, instance:testcases.SignupTest@51399530]" started-at="2023-03-22T12:15:09 IST" name="Startup" finished-at="2023-03-22T12:15:21 IST" duration-ms="11425" status="PASS">
          <reporter-output>
          </reporter-output>
        </test-method> <!-- Startup -->
        <test-method signature="Signup()[pri:0, instance:testcases.SignupTest@51399530]" started-at="2023-03-22T12:15:21 IST" name="Signup" finished-at="2023-03-22T12:15:31 IST" duration-ms="10750" status="PASS">
          <reporter-output>
          </reporter-output>
        </test-method> <!-- Signup -->
        <test-method is-config="true" signature="close()[pri:0, instance:testcases.SignupTest@51399530]" started-at="2023-03-22T12:15:31 IST" name="close" finished-at="2023-03-22T12:15:32 IST" duration-ms="518" status="PASS">
          <reporter-output>
          </reporter-output>
        </test-method> <!-- close -->
      </class> <!-- testcases.SignupTest -->
      <class name="testcases.LoginTest">
        <test-method is-config="true" signature="Startup()[pri:0, instance:testcases.LoginTest@145f66e3]" started-at="2023-03-22T12:14:41 IST" name="Startup" finished-at="2023-03-22T12:14:53 IST" duration-ms="12662" status="PASS">
          <reporter-output>
          </reporter-output>
        </test-method> <!-- Startup -->
        <test-method signature="LoginwithValidCredentials()[pri:1, instance:testcases.LoginTest@145f66e3]" started-at="2023-03-22T12:14:53 IST" name="LoginwithValidCredentials" finished-at="2023-03-22T12:14:55 IST" duration-ms="2064" status="PASS">
          <reporter-output>
          </reporter-output>
        </test-method> <!-- LoginwithValidCredentials -->
        <test-method is-config="true" signature="close()[pri:0, instance:testcases.LoginTest@145f66e3]" started-at="2023-03-22T12:14:55 IST" name="close" finished-at="2023-03-22T12:14:56 IST" duration-ms="405" status="PASS">
          <reporter-output>
          </reporter-output>
        </test-method> <!-- close -->
        <test-method is-config="true" signature="Startup()[pri:0, instance:testcases.LoginTest@145f66e3]" started-at="2023-03-22T12:14:56 IST" name="Startup" finished-at="2023-03-22T12:15:07 IST" duration-ms="10875" status="PASS">
          <reporter-output>
          </reporter-output>
        </test-method> <!-- Startup -->
        <test-method signature="LoginwithInValidCredentials()[pri:2, instance:testcases.LoginTest@145f66e3]" started-at="2023-03-22T12:15:07 IST" name="LoginwithInValidCredentials" finished-at="2023-03-22T12:15:09 IST" duration-ms="2139" status="PASS">
          <reporter-output>
          </reporter-output>
        </test-method> <!-- LoginwithInValidCredentials -->
        <test-method is-config="true" signature="close()[pri:0, instance:testcases.LoginTest@145f66e3]" started-at="2023-03-22T12:15:09 IST" name="close" finished-at="2023-03-22T12:15:09 IST" duration-ms="489" status="PASS">
          <reporter-output>
          </reporter-output>
        </test-method> <!-- close -->
      </class> <!-- testcases.LoginTest -->
    </test> <!-- Test -->
  </suite> <!-- Suite -->
</testng-results>
